  first_part.cpp
D:\연구실\SR(202109-202212)\최종보고서결과물코드\FSRCNN\FSRCNN\util.h(15,2): warning C4091: 'typedef ': 변수를 선언하지 않으면 'strs' 왼쪽은 무시됩니다.
D:\연구실\SR(202109-202212)\최종보고서결과물코드\FSRCNN\FSRCNN\util.h(15,8): warning C4091: '': 변수를 선언하지 않으면 'strs' 왼쪽은 무시됩니다.
D:\연구실\SR(202109-202212)\최종보고서결과물코드\FSRCNN\FSRCNN\util.h(20,2): warning C4091: 'typedef ': 변수를 선언하지 않으면 '_element' 왼쪽은 무시됩니다.
D:\연구실\SR(202109-202212)\최종보고서결과물코드\FSRCNN\FSRCNN\util.h(20,12): warning C4091: '': 변수를 선언하지 않으면 '_element' 왼쪽은 무시됩니다.
D:\연구실\SR(202109-202212)\최종보고서결과물코드\FSRCNN\FSRCNN\util.h(24,2): warning C4091: 'typedef ': 변수를 선언하지 않으면 '_SR' 왼쪽은 무시됩니다.
D:\연구실\SR(202109-202212)\최종보고서결과물코드\FSRCNN\FSRCNN\util.h(24,7): warning C4091: '': 변수를 선언하지 않으면 '_SR' 왼쪽은 무시됩니다.
D:\연구실\SR(202109-202212)\최종보고서결과물코드\FSRCNN\FSRCNN\util.h(29,2): warning C4091: 'typedef ': 변수를 선언하지 않으면 '_SM' 왼쪽은 무시됩니다.
D:\연구실\SR(202109-202212)\최종보고서결과물코드\FSRCNN\FSRCNN\util.h(29,7): warning C4091: '': 변수를 선언하지 않으면 '_SM' 왼쪽은 무시됩니다.
D:\연구실\SR(202109-202212)\최종보고서결과물코드\FSRCNN\FSRCNN\util.h(33,2): warning C4091: 'typedef ': 변수를 선언하지 않으면 '_Output' 왼쪽은 무시됩니다.
D:\연구실\SR(202109-202212)\최종보고서결과물코드\FSRCNN\FSRCNN\util.h(33,11): warning C4091: '': 변수를 선언하지 않으면 '_Output' 왼쪽은 무시됩니다.
D:\연구실\SR(202109-202212)\최종보고서결과물코드\FSRCNN\FSRCNN\util.h(37,2): warning C4091: 'typedef ': 변수를 선언하지 않으면 '_Output_B' 왼쪽은 무시됩니다.
D:\연구실\SR(202109-202212)\최종보고서결과물코드\FSRCNN\FSRCNN\util.h(37,13): warning C4091: '': 변수를 선언하지 않으면 '_Output_B' 왼쪽은 무시됩니다.
D:\연구실\SR(202109-202212)\최종보고서결과물코드\FSRCNN\FSRCNN\util.h(45,2): warning C4091: 'typedef ': 변수를 선언하지 않으면 '_bcelement' 왼쪽은 무시됩니다.
D:\연구실\SR(202109-202212)\최종보고서결과물코드\FSRCNN\FSRCNN\util.h(45,14): warning C4091: '': 변수를 선언하지 않으면 '_bcelement' 왼쪽은 무시됩니다.
D:\연구실\SR(202109-202212)\최종보고서결과물코드\FSRCNN\FSRCNN\util.h(49,2): warning C4091: 'typedef ': 변수를 선언하지 않으면 '_bcSR' 왼쪽은 무시됩니다.
D:\연구실\SR(202109-202212)\최종보고서결과물코드\FSRCNN\FSRCNN\util.h(49,9): warning C4091: '': 변수를 선언하지 않으면 '_bcSR' 왼쪽은 무시됩니다.
D:\연구실\SR(202109-202212)\최종보고서결과물코드\FSRCNN\FSRCNN\util.h(54,2): warning C4091: 'typedef ': 변수를 선언하지 않으면 '_bcSM' 왼쪽은 무시됩니다.
D:\연구실\SR(202109-202212)\최종보고서결과물코드\FSRCNN\FSRCNN\util.h(54,9): warning C4091: '': 변수를 선언하지 않으면 '_bcSM' 왼쪽은 무시됩니다.
D:\연구실\SR(202109-202212)\최종보고서결과물코드\FSRCNN\FSRCNN\util.h(79,14): warning C4244: '초기화 중': 'int'에서 'float'(으)로 변환하면서 데이터가 손실될 수 있습니다.
D:\연구실\SR(202109-202212)\최종보고서결과물코드\FSRCNN\FSRCNN\util.h(80,14): warning C4244: '초기화 중': 'int'에서 'float'(으)로 변환하면서 데이터가 손실될 수 있습니다.
D:\연구실\SR(202109-202212)\최종보고서결과물코드\FSRCNN\FSRCNN\util.h(81,19): warning C4244: '초기화 중': 'int'에서 'float'(으)로 변환하면서 데이터가 손실될 수 있습니다.
D:\연구실\SR(202109-202212)\최종보고서결과물코드\FSRCNN\FSRCNN\util.h(100,23): warning C4244: '초기화 중': 'float'에서 'int'(으)로 변환하면서 데이터가 손실될 수 있습니다.
D:\연구실\SR(202109-202212)\최종보고서결과물코드\FSRCNN\FSRCNN\util.h(103,20): warning C4244: '=': 'float'에서 'int'(으)로 변환하면서 데이터가 손실될 수 있습니다.
D:\연구실\SR(202109-202212)\최종보고서결과물코드\FSRCNN\FSRCNN\util.h(104,20): warning C4244: '=': 'float'에서 'int'(으)로 변환하면서 데이터가 손실될 수 있습니다.
D:\연구실\SR(202109-202212)\최종보고서결과물코드\FSRCNN\FSRCNN\util.h(108,23): warning C4244: '인수': 'int'에서 'float'(으)로 변환하면서 데이터가 손실될 수 있습니다.
D:\연구실\SR(202109-202212)\최종보고서결과물코드\FSRCNN\FSRCNN\util.h(121,23): warning C4244: '인수': 'int'에서 'float'(으)로 변환하면서 데이터가 손실될 수 있습니다.
D:\연구실\SR(202109-202212)\최종보고서결과물코드\FSRCNN\FSRCNN\util.h(138,28): warning C4244: '=': 'double'에서 'float'(으)로 변환하면서 데이터가 손실될 수 있습니다.
D:\연구실\SR(202109-202212)\최종보고서결과물코드\FSRCNN\FSRCNN\util.h(139,24): warning C4244: '=': 'double'에서 'float'(으)로 변환하면서 데이터가 손실될 수 있습니다.
D:\연구실\SR(202109-202212)\최종보고서결과물코드\FSRCNN\FSRCNN\util.h(140,35): warning C4244: '=': 'double'에서 'float'(으)로 변환하면서 데이터가 손실될 수 있습니다.
D:\연구실\SR(202109-202212)\최종보고서결과물코드\FSRCNN\FSRCNN\util.h(141,35): warning C4244: '=': 'double'에서 'float'(으)로 변환하면서 데이터가 손실될 수 있습니다.
D:\연구실\SR(202109-202212)\최종보고서결과물코드\FSRCNN\FSRCNN\util.h(143,28): warning C4244: '=': 'double'에서 'float'(으)로 변환하면서 데이터가 손실될 수 있습니다.
D:\연구실\SR(202109-202212)\최종보고서결과물코드\FSRCNN\FSRCNN\util.h(144,24): warning C4244: '=': 'double'에서 'float'(으)로 변환하면서 데이터가 손실될 수 있습니다.
D:\연구실\SR(202109-202212)\최종보고서결과물코드\FSRCNN\FSRCNN\util.h(145,35): warning C4244: '=': 'double'에서 'float'(으)로 변환하면서 데이터가 손실될 수 있습니다.
D:\연구실\SR(202109-202212)\최종보고서결과물코드\FSRCNN\FSRCNN\util.h(146,35): warning C4244: '=': 'double'에서 'float'(으)로 변환하면서 데이터가 손실될 수 있습니다.
D:\연구실\SR(202109-202212)\최종보고서결과물코드\FSRCNN\FSRCNN\util.h(277,44): warning C4244: '=': 'float'에서 'int'(으)로 변환하면서 데이터가 손실될 수 있습니다.
D:\연구실\SR(202109-202212)\최종보고서결과물코드\FSRCNN\FSRCNN\util.h(278,44): warning C4244: '=': 'float'에서 'int'(으)로 변환하면서 데이터가 손실될 수 있습니다.
D:\연구실\SR(202109-202212)\최종보고서결과물코드\FSRCNN\FSRCNN\util.h(279,51): warning C4244: '=': 'float'에서 'int'(으)로 변환하면서 데이터가 손실될 수 있습니다.
D:\연구실\SR(202109-202212)\최종보고서결과물코드\FSRCNN\FSRCNN\util.h(281,44): warning C4244: '=': 'float'에서 'int'(으)로 변환하면서 데이터가 손실될 수 있습니다.
D:\연구실\SR(202109-202212)\최종보고서결과물코드\FSRCNN\FSRCNN\util.h(282,44): warning C4244: '=': 'float'에서 'int'(으)로 변환하면서 데이터가 손실될 수 있습니다.
D:\연구실\SR(202109-202212)\최종보고서결과물코드\FSRCNN\FSRCNN\util.h(283,51): warning C4244: '=': 'float'에서 'int'(으)로 변환하면서 데이터가 손실될 수 있습니다.
D:\연구실\SR(202109-202212)\최종보고서결과물코드\FSRCNN\FSRCNN\util.h(285,44): warning C4244: '=': 'float'에서 'int'(으)로 변환하면서 데이터가 손실될 수 있습니다.
D:\연구실\SR(202109-202212)\최종보고서결과물코드\FSRCNN\FSRCNN\util.h(286,44): warning C4244: '=': 'float'에서 'int'(으)로 변환하면서 데이터가 손실될 수 있습니다.
D:\연구실\SR(202109-202212)\최종보고서결과물코드\FSRCNN\FSRCNN\util.h(287,51): warning C4244: '=': 'float'에서 'int'(으)로 변환하면서 데이터가 손실될 수 있습니다.
D:\연구실\SR(202109-202212)\최종보고서결과물코드\FSRCNN\FSRCNN\util.h(289,44): warning C4244: '=': 'float'에서 'int'(으)로 변환하면서 데이터가 손실될 수 있습니다.
D:\연구실\SR(202109-202212)\최종보고서결과물코드\FSRCNN\FSRCNN\util.h(290,44): warning C4244: '=': 'float'에서 'int'(으)로 변환하면서 데이터가 손실될 수 있습니다.
D:\연구실\SR(202109-202212)\최종보고서결과물코드\FSRCNN\FSRCNN\util.h(291,50): warning C4244: '=': 'float'에서 'int'(으)로 변환하면서 데이터가 손실될 수 있습니다.
D:\연구실\SR(202109-202212)\최종보고서결과물코드\FSRCNN\FSRCNN\util.h(295,44): warning C4244: '=': 'float'에서 'int'(으)로 변환하면서 데이터가 손실될 수 있습니다.
D:\연구실\SR(202109-202212)\최종보고서결과물코드\FSRCNN\FSRCNN\util.h(296,44): warning C4244: '=': 'float'에서 'int'(으)로 변환하면서 데이터가 손실될 수 있습니다.
D:\연구실\SR(202109-202212)\최종보고서결과물코드\FSRCNN\FSRCNN\util.h(297,51): warning C4244: '=': 'float'에서 'int'(으)로 변환하면서 데이터가 손실될 수 있습니다.
D:\연구실\SR(202109-202212)\최종보고서결과물코드\FSRCNN\FSRCNN\util.h(299,44): warning C4244: '=': 'float'에서 'int'(으)로 변환하면서 데이터가 손실될 수 있습니다.
D:\연구실\SR(202109-202212)\최종보고서결과물코드\FSRCNN\FSRCNN\util.h(300,44): warning C4244: '=': 'float'에서 'int'(으)로 변환하면서 데이터가 손실될 수 있습니다.
D:\연구실\SR(202109-202212)\최종보고서결과물코드\FSRCNN\FSRCNN\util.h(301,51): warning C4244: '=': 'float'에서 'int'(으)로 변환하면서 데이터가 손실될 수 있습니다.
D:\연구실\SR(202109-202212)\최종보고서결과물코드\FSRCNN\FSRCNN\util.h(303,44): warning C4244: '=': 'float'에서 'int'(으)로 변환하면서 데이터가 손실될 수 있습니다.
D:\연구실\SR(202109-202212)\최종보고서결과물코드\FSRCNN\FSRCNN\util.h(304,44): warning C4244: '=': 'float'에서 'int'(으)로 변환하면서 데이터가 손실될 수 있습니다.
D:\연구실\SR(202109-202212)\최종보고서결과물코드\FSRCNN\FSRCNN\util.h(305,51): warning C4244: '=': 'float'에서 'int'(으)로 변환하면서 데이터가 손실될 수 있습니다.
D:\연구실\SR(202109-202212)\최종보고서결과물코드\FSRCNN\FSRCNN\util.h(307,44): warning C4244: '=': 'float'에서 'int'(으)로 변환하면서 데이터가 손실될 수 있습니다.
D:\연구실\SR(202109-202212)\최종보고서결과물코드\FSRCNN\FSRCNN\util.h(308,44): warning C4244: '=': 'float'에서 'int'(으)로 변환하면서 데이터가 손실될 수 있습니다.
D:\연구실\SR(202109-202212)\최종보고서결과물코드\FSRCNN\FSRCNN\util.h(309,50): warning C4244: '=': 'float'에서 'int'(으)로 변환하면서 데이터가 손실될 수 있습니다.
D:\연구실\SR(202109-202212)\최종보고서결과물코드\FSRCNN\FSRCNN\util.h(313,44): warning C4244: '=': 'float'에서 'int'(으)로 변환하면서 데이터가 손실될 수 있습니다.
D:\연구실\SR(202109-202212)\최종보고서결과물코드\FSRCNN\FSRCNN\util.h(314,44): warning C4244: '=': 'float'에서 'int'(으)로 변환하면서 데이터가 손실될 수 있습니다.
D:\연구실\SR(202109-202212)\최종보고서결과물코드\FSRCNN\FSRCNN\util.h(315,51): warning C4244: '=': 'float'에서 'int'(으)로 변환하면서 데이터가 손실될 수 있습니다.
D:\연구실\SR(202109-202212)\최종보고서결과물코드\FSRCNN\FSRCNN\util.h(317,44): warning C4244: '=': 'float'에서 'int'(으)로 변환하면서 데이터가 손실될 수 있습니다.
D:\연구실\SR(202109-202212)\최종보고서결과물코드\FSRCNN\FSRCNN\util.h(318,44): warning C4244: '=': 'float'에서 'int'(으)로 변환하면서 데이터가 손실될 수 있습니다.
D:\연구실\SR(202109-202212)\최종보고서결과물코드\FSRCNN\FSRCNN\util.h(319,51): warning C4244: '=': 'float'에서 'int'(으)로 변환하면서 데이터가 손실될 수 있습니다.
D:\연구실\SR(202109-202212)\최종보고서결과물코드\FSRCNN\FSRCNN\util.h(321,45): warning C4244: '=': 'float'에서 'int'(으)로 변환하면서 데이터가 손실될 수 있습니다.
D:\연구실\SR(202109-202212)\최종보고서결과물코드\FSRCNN\FSRCNN\util.h(322,45): warning C4244: '=': 'float'에서 'int'(으)로 변환하면서 데이터가 손실될 수 있습니다.
D:\연구실\SR(202109-202212)\최종보고서결과물코드\FSRCNN\FSRCNN\util.h(323,52): warning C4244: '=': 'float'에서 'int'(으)로 변환하면서 데이터가 손실될 수 있습니다.
D:\연구실\SR(202109-202212)\최종보고서결과물코드\FSRCNN\FSRCNN\util.h(325,45): warning C4244: '=': 'float'에서 'int'(으)로 변환하면서 데이터가 손실될 수 있습니다.
D:\연구실\SR(202109-202212)\최종보고서결과물코드\FSRCNN\FSRCNN\util.h(326,45): warning C4244: '=': 'float'에서 'int'(으)로 변환하면서 데이터가 손실될 수 있습니다.
D:\연구실\SR(202109-202212)\최종보고서결과물코드\FSRCNN\FSRCNN\util.h(327,51): warning C4244: '=': 'float'에서 'int'(으)로 변환하면서 데이터가 손실될 수 있습니다.
D:\연구실\SR(202109-202212)\최종보고서결과물코드\FSRCNN\FSRCNN\util.h(331,45): warning C4244: '=': 'float'에서 'int'(으)로 변환하면서 데이터가 손실될 수 있습니다.
D:\연구실\SR(202109-202212)\최종보고서결과물코드\FSRCNN\FSRCNN\util.h(332,45): warning C4244: '=': 'float'에서 'int'(으)로 변환하면서 데이터가 손실될 수 있습니다.
D:\연구실\SR(202109-202212)\최종보고서결과물코드\FSRCNN\FSRCNN\util.h(333,51): warning C4244: '=': 'float'에서 'int'(으)로 변환하면서 데이터가 손실될 수 있습니다.
D:\연구실\SR(202109-202212)\최종보고서결과물코드\FSRCNN\FSRCNN\util.h(335,45): warning C4244: '=': 'float'에서 'int'(으)로 변환하면서 데이터가 손실될 수 있습니다.
D:\연구실\SR(202109-202212)\최종보고서결과물코드\FSRCNN\FSRCNN\util.h(336,45): warning C4244: '=': 'float'에서 'int'(으)로 변환하면서 데이터가 손실될 수 있습니다.
D:\연구실\SR(202109-202212)\최종보고서결과물코드\FSRCNN\FSRCNN\util.h(337,51): warning C4244: '=': 'float'에서 'int'(으)로 변환하면서 데이터가 손실될 수 있습니다.
D:\연구실\SR(202109-202212)\최종보고서결과물코드\FSRCNN\FSRCNN\util.h(339,45): warning C4244: '=': 'float'에서 'int'(으)로 변환하면서 데이터가 손실될 수 있습니다.
D:\연구실\SR(202109-202212)\최종보고서결과물코드\FSRCNN\FSRCNN\util.h(340,45): warning C4244: '=': 'float'에서 'int'(으)로 변환하면서 데이터가 손실될 수 있습니다.
D:\연구실\SR(202109-202212)\최종보고서결과물코드\FSRCNN\FSRCNN\util.h(341,51): warning C4244: '=': 'float'에서 'int'(으)로 변환하면서 데이터가 손실될 수 있습니다.
D:\연구실\SR(202109-202212)\최종보고서결과물코드\FSRCNN\FSRCNN\util.h(343,45): warning C4244: '=': 'float'에서 'int'(으)로 변환하면서 데이터가 손실될 수 있습니다.
D:\연구실\SR(202109-202212)\최종보고서결과물코드\FSRCNN\FSRCNN\util.h(344,45): warning C4244: '=': 'float'에서 'int'(으)로 변환하면서 데이터가 손실될 수 있습니다.
D:\연구실\SR(202109-202212)\최종보고서결과물코드\FSRCNN\FSRCNN\util.h(345,50): warning C4244: '=': 'float'에서 'int'(으)로 변환하면서 데이터가 손실될 수 있습니다.
D:\연구실\SR(202109-202212)\최종보고서결과물코드\FSRCNN\FSRCNN\util.h(445,12): warning C4244: '초기화 중': 'float'에서 'int'(으)로 변환하면서 데이터가 손실될 수 있습니다.
D:\연구실\SR(202109-202212)\최종보고서결과물코드\FSRCNN\FSRCNN\util.h(446,12): warning C4244: '초기화 중': 'float'에서 'int'(으)로 변환하면서 데이터가 손실될 수 있습니다.
D:\연구실\SR(202109-202212)\최종보고서결과물코드\FSRCNN\FSRCNN\util.h(763,68): warning C4244: '=': 'double'에서 'float'(으)로 변환하면서 데이터가 손실될 수 있습니다.
D:\연구실\SR(202109-202212)\최종보고서결과물코드\FSRCNN\FSRCNN\util.h(791,69): warning C4244: '=': 'float'에서 'BYTE'(으)로 변환하면서 데이터가 손실될 수 있습니다.
D:\연구실\SR(202109-202212)\최종보고서결과물코드\FSRCNN\FSRCNN\util.h(792,77): warning C4244: '=': 'float'에서 'BYTE'(으)로 변환하면서 데이터가 손실될 수 있습니다.
D:\연구실\SR(202109-202212)\최종보고서결과물코드\FSRCNN\FSRCNN\util.h(793,77): warning C4244: '=': 'float'에서 'BYTE'(으)로 변환하면서 데이터가 손실될 수 있습니다.
D:\연구실\SR(202109-202212)\최종보고서결과물코드\FSRCNN\FSRCNN\util.h(931,12): warning C4477: 'printf' : 서식 문자열 '%.3f'에 'double' 형식의 인수가 필요하지만 variadic 인수 1의 형식이 'clock_t'입니다.
D:\연구실\SR(202109-202212)\최종보고서결과물코드\FSRCNN\FSRCNN\first_part.cpp(73,111): warning C4244: '=': 'double'에서 'float'(으)로 변환하면서 데이터가 손실될 수 있습니다.
D:\연구실\SR(202109-202212)\최종보고서결과물코드\FSRCNN\FSRCNN\first_part.cpp(78,23): warning C4244: '=': 'double'에서 'float'(으)로 변환하면서 데이터가 손실될 수 있습니다.
D:\연구실\SR(202109-202212)\최종보고서결과물코드\FSRCNN\FSRCNN\first_part.cpp(79,23): warning C4244: '=': 'double'에서 'float'(으)로 변환하면서 데이터가 손실될 수 있습니다.
D:\연구실\SR(202109-202212)\최종보고서결과물코드\FSRCNN\FSRCNN\first_part.cpp(555,12): warning C4129: 'N': 문자 이스케이프 시퀀스를 인식할 수 없습니다.
D:\연구실\SR(202109-202212)\최종보고서결과물코드\FSRCNN\FSRCNN\first_part.cpp(687,12): warning C4129: 'N': 문자 이스케이프 시퀀스를 인식할 수 없습니다.
D:\연구실\SR(202109-202212)\최종보고서결과물코드\FSRCNN\FSRCNN\first_part.cpp(1011,92): warning C4244: '=': 'double'에서 'float'(으)로 변환하면서 데이터가 손실될 수 있습니다.
D:\연구실\SR(202109-202212)\최종보고서결과물코드\FSRCNN\FSRCNN\first_part.cpp(1012,117): warning C4244: '=': 'double'에서 'float'(으)로 변환하면서 데이터가 손실될 수 있습니다.
D:\연구실\SR(202109-202212)\최종보고서결과물코드\FSRCNN\FSRCNN\first_part.cpp(1013,92): warning C4244: '=': 'double'에서 'float'(으)로 변환하면서 데이터가 손실될 수 있습니다.
D:\연구실\SR(202109-202212)\최종보고서결과물코드\FSRCNN\FSRCNN\first_part.cpp(1040,12): warning C4477: 'printf' : 서식 문자열 '%.3f'에 'double' 형식의 인수가 필요하지만 variadic 인수 1의 형식이 'clock_t'입니다.
  FSRCNN.vcxproj -> D:\연구실\SR(202109-202212)\최종보고서결과물코드\FSRCNN\x64\Debug\FSRCNN.exe
